<!DOCTYPE html PUBLIC "-//W3C//DTD XHTML 1.1//EN" "http://www.w3.org/TR/xhtml11/DTD/xhtml11.dtd">
<html xmlns="http://www.w3.org/1999/xhtml"><head><title>TestNG Report</title><style type="text/css">table {margin-bottom:10px;border-collapse:collapse;empty-cells:show}th,td {border:1px solid #009;padding:.25em .5em}th {vertical-align:bottom}td {vertical-align:top}table a {font-weight:bold}.stripe td {background-color: #E6EBF9}.num {text-align:right}.passedodd td {background-color: #3F3}.passedeven td {background-color: #0A0}.skippedodd td {background-color: #DDD}.skippedeven td {background-color: #CCC}.failedodd td,.attn {background-color: #F33}.failedeven td,.stripe .attn {background-color: #D00}.stacktrace {white-space:pre;font-family:monospace}.totop {font-size:85%;text-align:center;border-bottom:2px solid #000}</style></head><body><table><tr><th>Test</th><th># Passed</th><th># Skipped</th><th># Failed</th><th>Time (ms)</th><th>Included Groups</th><th>Excluded Groups</th></tr><tr><th colspan="7">SutterHealthFunctional</th></tr><tr><td><a href="#t0">FFRegression</a></td><td class="num">3</td><td class="num">0</td><td class="num attn">3</td><td class="num">132,462</td><td></td><td></td></tr></table><table><thead><tr><th>Class</th><th>Method</th><th>Start</th><th>Time (ms)</th></tr></thead><tbody><tr><th colspan="4">SutterHealthFunctional</th></tr></tbody><tbody id="t0"><tr><th colspan="4">FFRegression &#8212; failed</th></tr><tr class="failedeven"><td rowspan="1">com.sh.tests.SHFacilitiesTest</td><td><a href="#m0">testAllImages</a></td><td rowspan="1">1432319500527</td><td rowspan="1">3331</td></tr><tr class="failedodd"><td rowspan="2">com.sh.tests.SHFindADoctorTest</td><td><a href="#m1">testFMSearchDoctor</a></td><td rowspan="1">1432319518063</td><td rowspan="1">9590</td></tr><tr class="failedodd"><td><a href="#m2">testSearch</a></td><td rowspan="1">1432319588707</td><td rowspan="1">6284</td></tr><tr><th colspan="4">FFRegression &#8212; passed</th></tr><tr class="passedeven"><td rowspan="1">com.sh.tests.SHFacilitiesTest</td><td><a href="#m3">testFacilitiesPage</a></td><td rowspan="1">1432319529590</td><td rowspan="1">133</td></tr><tr class="passedodd"><td rowspan="2">com.sh.tests.SHFindADoctorTest</td><td><a href="#m4">testSearch</a></td><td rowspan="2">1432319569145</td><td rowspan="2">9155</td></tr><tr class="passedodd"><td><a href="#m5">testSearch</a></td></tr></tbody></table><h2>FFRegression</h2><h3 id="m0">com.sh.tests.SHFacilitiesTest#testAllImages</h3><table class="result"><tr><th>Exception</th></tr><tr><td><div class="stacktrace">java.lang.AssertionError: null
	at com.sh.tests.SHFacilitiesTest.testAllImages(SHFacilitiesTest.java:108)
	at java.util.concurrent.ThreadPoolExecutor.runWorker(ThreadPoolExecutor.java:1145)
	at java.util.concurrent.ThreadPoolExecutor$Worker.run(ThreadPoolExecutor.java:615)
	at java.lang.Thread.run(Thread.java:744)
... Removed 12 stack frames</div></td></tr></table><p class="totop"><a href="#summary">back to summary</a></p><h3 id="m1">com.sh.tests.SHFindADoctorTest#testFMSearchDoctor</h3><table class="result"><tr><th>Exception</th></tr><tr><td><div class="stacktrace">org.openqa.selenium.StaleElementReferenceException: Element not found in the cache - perhaps the page has changed since it was looked up
Command duration or timeout: 4.76 seconds
For documentation on this error, please visit: http://seleniumhq.org/exceptions/stale_element_reference.html
Build info: version: &apos;2.45.0&apos;, revision: &apos;5017cb8&apos;, time: &apos;2015-02-26 23:59:50&apos;
System info: host: &apos;ShilpiPC&apos;, ip: &apos;192.168.5.1&apos;, os.name: &apos;Windows 8&apos;, os.arch: &apos;amd64&apos;, os.version: &apos;6.2&apos;, java.version: &apos;1.7.0_45&apos;
Session ID: 6134b3d1-7b58-4211-b2d4-dc5f538b22fb
Driver info: org.openqa.selenium.firefox.FirefoxDriver
Capabilities [{platform=WINDOWS, acceptSslCerts=true, javascriptEnabled=true, cssSelectorsEnabled=true, databaseEnabled=true, browserName=firefox, handlesAlerts=true, nativeEvents=false, webStorageEnabled=true, rotatable=false, locationContextEnabled=true, applicationCacheEnabled=true, takesScreenshot=true, version=37.0.2}]
	at org.openqa.selenium.remote.ErrorHandler.createThrowable(ErrorHandler.java:204)
	at org.openqa.selenium.remote.ErrorHandler.throwIfResponseFailed(ErrorHandler.java:156)
	at org.openqa.selenium.remote.RemoteWebDriver.execute(RemoteWebDriver.java:599)
	at org.openqa.selenium.remote.RemoteWebElement.execute(RemoteWebElement.java:268)
	at org.openqa.selenium.remote.RemoteWebElement.getText(RemoteWebElement.java:152)
	at com.sh.pages.SHProvideSearchResults.getHeader(SHProvideSearchResults.java:18)
	at com.sh.tests.SHFindADoctorTest.testFMSearchDoctor(SHFindADoctorTest.java:51)
	at java.util.concurrent.ThreadPoolExecutor.runWorker(ThreadPoolExecutor.java:1145)
	at java.util.concurrent.ThreadPoolExecutor$Worker.run(ThreadPoolExecutor.java:615)
	at java.lang.Thread.run(Thread.java:744)
Caused by: org.openqa.selenium.StaleElementReferenceException: Element not found in the cache - perhaps the page has changed since it was looked up
For documentation on this error, please visit: http://seleniumhq.org/exceptions/stale_element_reference.html
Build info: version: &apos;2.45.0&apos;, revision: &apos;5017cb8&apos;, time: &apos;2015-02-26 23:59:50&apos;
System info: host: &apos;ShilpiPC&apos;, ip: &apos;192.168.5.1&apos;, os.name: &apos;Windows 8&apos;, os.arch: &apos;amd64&apos;, os.version: &apos;6.2&apos;, java.version: &apos;1.7.0_45&apos;
Driver info: driver.version: unknown
	at &lt;anonymous class&gt;.fxdriver.cache.getElementAt(resource://fxdriver/modules/web-element-cache.js:8953)
	at &lt;anonymous class&gt;.Utils.getElementAt(file:///C:/Users/Shilpi/AppData/Local/Temp/anonymous8735524020858370020webdriver-profile/extensions/fxdriver@googlecode.com/components/command-processor.js:8546)
	at &lt;anonymous class&gt;.WebElement.getElementText(file:///C:/Users/Shilpi/AppData/Local/Temp/anonymous8735524020858370020webdriver-profile/extensions/fxdriver@googlecode.com/components/command-processor.js:11704)
	at &lt;anonymous class&gt;.DelayedCommand.prototype.executeInternal_/h(file:///C:/Users/Shilpi/AppData/Local/Temp/anonymous8735524020858370020webdriver-profile/extensions/fxdriver@googlecode.com/components/command-processor.js:12274)
	at &lt;anonymous class&gt;.DelayedCommand.prototype.executeInternal_(file:///C:/Users/Shilpi/AppData/Local/Temp/anonymous8735524020858370020webdriver-profile/extensions/fxdriver@googlecode.com/components/command-processor.js:12279)
	at &lt;anonymous class&gt;.DelayedCommand.prototype.execute/&lt;(file:///C:/Users/Shilpi/AppData/Local/Temp/anonymous8735524020858370020webdriver-profile/extensions/fxdriver@googlecode.com/components/command-processor.js:12221)
... Removed 14 stack frames</div></td></tr></table><p class="totop"><a href="#summary">back to summary</a></p><h3 id="m2">com.sh.tests.SHFindADoctorTest#testSearch</h3><table class="result"><tr class="param"><th>Parameter #1</th><th>Parameter #2</th></tr><tr class="param stripe"><td>Flu Shots</td><td>86</td></tr><tr><th colspan="2">Exception</th></tr><tr><td colspan="2"><div class="stacktrace">java.lang.AssertionError: expected [true] but found [false]
	at com.sh.tests.SHFindADoctorTest.testSearch(SHFindADoctorTest.java:42)
	at java.util.concurrent.FutureTask.run(FutureTask.java:262)
	at java.util.concurrent.Executors$RunnableAdapter.call(Executors.java:471)
	at java.util.concurrent.FutureTask.run(FutureTask.java:262)
	at java.util.concurrent.ThreadPoolExecutor.runWorker(ThreadPoolExecutor.java:1145)
	at java.util.concurrent.ThreadPoolExecutor$Worker.run(ThreadPoolExecutor.java:615)
	at java.lang.Thread.run(Thread.java:744)
... Removed 13 stack frames</div></td></tr></table><p class="totop"><a href="#summary">back to summary</a></p><h3 id="m3">com.sh.tests.SHFacilitiesTest#testFacilitiesPage</h3><table class="result"></table><p class="totop"><a href="#summary">back to summary</a></p><h3 id="m4">com.sh.tests.SHFindADoctorTest#testSearch</h3><table class="result"><tr class="param"><th>Parameter #1</th><th>Parameter #2</th></tr><tr class="param stripe"><td>Patients</td><td>3432</td></tr></table><p class="totop"><a href="#summary">back to summary</a></p><h3 id="m5">com.sh.tests.SHFindADoctorTest#testSearch</h3><table class="result"><tr class="param"><th>Parameter #1</th><th>Parameter #2</th></tr><tr class="param stripe"><td>Ebola</td><td>5</td></tr></table><p class="totop"><a href="#summary">back to summary</a></p></body></html>