<?xml version="1.0" encoding="UTF-8"?>
<testng-results skipped="0" failed="3" total="6" passed="3">
  <reporter-output>
  </reporter-output>
  <suite name="SutterHealthFunctional" duration-ms="132462" started-at="2015-05-22T18:31:19Z" finished-at="2015-05-22T18:33:31Z">
    <groups>
      <group name="Sanity">
        <method signature="SHFacilitiesTest.testFacilitiesPage()[pri:0, instance:com.sh.tests.SHFacilitiesTest@4d88f286]" name="testFacilitiesPage" class="com.sh.tests.SHFacilitiesTest"/>
      </group> <!-- Sanity -->
      <group name="Functional">
        <method signature="SHFacilitiesTest.testFacilitiesPage()[pri:0, instance:com.sh.tests.SHFacilitiesTest@4d88f286]" name="testFacilitiesPage" class="com.sh.tests.SHFacilitiesTest"/>
      </group> <!-- Functional -->
    </groups>
    <test name="FFRegression" duration-ms="132462" started-at="2015-05-22T18:31:19Z" finished-at="2015-05-22T18:33:31Z">
      <class name="com.sh.tests.SHFacilitiesTest">
        <test-method status="PASS" signature="openBrowser()[pri:0, instance:com.sh.tests.SHFacilitiesTest@4d88f286]" name="openBrowser" is-config="true" duration-ms="21224" started-at="2015-05-22T11:31:19Z" finished-at="2015-05-22T11:31:40Z">
          <reporter-output>
          </reporter-output>
        </test-method> <!-- openBrowser -->
        <test-method status="FAIL" signature="testAllImages()[pri:0, instance:com.sh.tests.SHFacilitiesTest@4d88f286]" name="testAllImages" duration-ms="3331" started-at="2015-05-22T11:31:40Z" finished-at="2015-05-22T11:31:43Z">
          <exception class="java.lang.AssertionError">
            <message>
              <![CDATA[null]]>
            </message>
            <full-stacktrace>
              <![CDATA[java.lang.AssertionError: null
	at org.testng.Assert.fail(Assert.java:94)
	at org.testng.Assert.fail(Assert.java:101)
	at com.sh.tests.SHFacilitiesTest.testAllImages(SHFacilitiesTest.java:108)
	at sun.reflect.NativeMethodAccessorImpl.invoke0(Native Method)
	at sun.reflect.NativeMethodAccessorImpl.invoke(NativeMethodAccessorImpl.java:57)
	at sun.reflect.DelegatingMethodAccessorImpl.invoke(DelegatingMethodAccessorImpl.java:43)
	at java.lang.reflect.Method.invoke(Method.java:606)
	at org.testng.internal.MethodInvocationHelper.invokeMethod(MethodInvocationHelper.java:84)
	at org.testng.internal.Invoker.invokeMethod(Invoker.java:714)
	at org.testng.internal.Invoker.invokeTestMethod(Invoker.java:901)
	at org.testng.internal.Invoker.invokeTestMethods(Invoker.java:1231)
	at org.testng.internal.TestMethodWorker.invokeTestMethods(TestMethodWorker.java:127)
	at org.testng.internal.TestMethodWorker.run(TestMethodWorker.java:111)
	at java.util.concurrent.ThreadPoolExecutor.runWorker(ThreadPoolExecutor.java:1145)
	at java.util.concurrent.ThreadPoolExecutor$Worker.run(ThreadPoolExecutor.java:615)
	at java.lang.Thread.run(Thread.java:744)
]]>
            </full-stacktrace>
          </exception> <!-- java.lang.AssertionError -->
          <reporter-output>
          </reporter-output>
        </test-method> <!-- testAllImages -->
        <test-method status="PASS" signature="closeBrowser()[pri:0, instance:com.sh.tests.SHFacilitiesTest@4d88f286]" name="closeBrowser" is-config="true" duration-ms="125" started-at="2015-05-22T11:31:43Z" finished-at="2015-05-22T11:31:43Z">
          <reporter-output>
          </reporter-output>
        </test-method> <!-- closeBrowser -->
        <test-method status="PASS" signature="openBrowser()[pri:0, instance:com.sh.tests.SHFacilitiesTest@4d88f286]" name="openBrowser" is-config="true" duration-ms="25597" started-at="2015-05-22T11:31:43Z" finished-at="2015-05-22T11:32:09Z">
          <reporter-output>
          </reporter-output>
        </test-method> <!-- openBrowser -->
        <test-method status="PASS" signature="testFacilitiesPage()[pri:0, instance:com.sh.tests.SHFacilitiesTest@4d88f286]" name="testFacilitiesPage" duration-ms="133" started-at="2015-05-22T11:32:09Z" finished-at="2015-05-22T11:32:09Z">
          <reporter-output>
          </reporter-output>
        </test-method> <!-- testFacilitiesPage -->
        <test-method status="PASS" signature="closeBrowser()[pri:0, instance:com.sh.tests.SHFacilitiesTest@4d88f286]" name="closeBrowser" is-config="true" duration-ms="102" started-at="2015-05-22T11:32:09Z" finished-at="2015-05-22T11:32:09Z">
          <reporter-output>
          </reporter-output>
        </test-method> <!-- closeBrowser -->
      </class> <!-- com.sh.tests.SHFacilitiesTest -->
      <class name="com.sh.tests.SHFindADoctorTest">
        <test-method status="PASS" signature="openBrowser()[pri:0, instance:com.sh.tests.SHFindADoctorTest@156e5f3e]" name="openBrowser" is-config="true" duration-ms="38760" started-at="2015-05-22T11:31:19Z" finished-at="2015-05-22T11:31:58Z">
          <reporter-output>
          </reporter-output>
        </test-method> <!-- openBrowser -->
        <test-method status="FAIL" signature="testFMSearchDoctor()[pri:0, instance:com.sh.tests.SHFindADoctorTest@156e5f3e]" name="testFMSearchDoctor" duration-ms="9590" started-at="2015-05-22T11:31:58Z" finished-at="2015-05-22T11:32:07Z">
          <exception class="org.openqa.selenium.StaleElementReferenceException">
            <message>
              <![CDATA[Element not found in the cache - perhaps the page has changed since it was looked up
Command duration or timeout: 4.76 seconds
For documentation on this error, please visit: http://seleniumhq.org/exceptions/stale_element_reference.html
Build info: version: '2.45.0', revision: '5017cb8', time: '2015-02-26 23:59:50'
System info: host: 'ShilpiPC', ip: '192.168.5.1', os.name: 'Windows 8', os.arch: 'amd64', os.version: '6.2', java.version: '1.7.0_45'
Session ID: 6134b3d1-7b58-4211-b2d4-dc5f538b22fb
Driver info: org.openqa.selenium.firefox.FirefoxDriver
Capabilities [{platform=WINDOWS, acceptSslCerts=true, javascriptEnabled=true, cssSelectorsEnabled=true, databaseEnabled=true, browserName=firefox, handlesAlerts=true, nativeEvents=false, webStorageEnabled=true, rotatable=false, locationContextEnabled=true, applicationCacheEnabled=true, takesScreenshot=true, version=37.0.2}]]]>
            </message>
            <full-stacktrace>
              <![CDATA[org.openqa.selenium.StaleElementReferenceException: Element not found in the cache - perhaps the page has changed since it was looked up
Command duration or timeout: 4.76 seconds
For documentation on this error, please visit: http://seleniumhq.org/exceptions/stale_element_reference.html
Build info: version: '2.45.0', revision: '5017cb8', time: '2015-02-26 23:59:50'
System info: host: 'ShilpiPC', ip: '192.168.5.1', os.name: 'Windows 8', os.arch: 'amd64', os.version: '6.2', java.version: '1.7.0_45'
Session ID: 6134b3d1-7b58-4211-b2d4-dc5f538b22fb
Driver info: org.openqa.selenium.firefox.FirefoxDriver
Capabilities [{platform=WINDOWS, acceptSslCerts=true, javascriptEnabled=true, cssSelectorsEnabled=true, databaseEnabled=true, browserName=firefox, handlesAlerts=true, nativeEvents=false, webStorageEnabled=true, rotatable=false, locationContextEnabled=true, applicationCacheEnabled=true, takesScreenshot=true, version=37.0.2}]
	at sun.reflect.NativeConstructorAccessorImpl.newInstance0(Native Method)
	at sun.reflect.NativeConstructorAccessorImpl.newInstance(NativeConstructorAccessorImpl.java:57)
	at sun.reflect.DelegatingConstructorAccessorImpl.newInstance(DelegatingConstructorAccessorImpl.java:45)
	at java.lang.reflect.Constructor.newInstance(Constructor.java:526)
	at org.openqa.selenium.remote.ErrorHandler.createThrowable(ErrorHandler.java:204)
	at org.openqa.selenium.remote.ErrorHandler.throwIfResponseFailed(ErrorHandler.java:156)
	at org.openqa.selenium.remote.RemoteWebDriver.execute(RemoteWebDriver.java:599)
	at org.openqa.selenium.remote.RemoteWebElement.execute(RemoteWebElement.java:268)
	at org.openqa.selenium.remote.RemoteWebElement.getText(RemoteWebElement.java:152)
	at com.sh.pages.SHProvideSearchResults.getHeader(SHProvideSearchResults.java:18)
	at com.sh.tests.SHFindADoctorTest.testFMSearchDoctor(SHFindADoctorTest.java:51)
	at sun.reflect.NativeMethodAccessorImpl.invoke0(Native Method)
	at sun.reflect.NativeMethodAccessorImpl.invoke(NativeMethodAccessorImpl.java:57)
	at sun.reflect.DelegatingMethodAccessorImpl.invoke(DelegatingMethodAccessorImpl.java:43)
	at java.lang.reflect.Method.invoke(Method.java:606)
	at org.testng.internal.MethodInvocationHelper.invokeMethod(MethodInvocationHelper.java:84)
	at org.testng.internal.Invoker.invokeMethod(Invoker.java:714)
	at org.testng.internal.Invoker.invokeTestMethod(Invoker.java:901)
	at org.testng.internal.Invoker.invokeTestMethods(Invoker.java:1231)
	at org.testng.internal.TestMethodWorker.invokeTestMethods(TestMethodWorker.java:127)
	at org.testng.internal.TestMethodWorker.run(TestMethodWorker.java:111)
	at java.util.concurrent.ThreadPoolExecutor.runWorker(ThreadPoolExecutor.java:1145)
	at java.util.concurrent.ThreadPoolExecutor$Worker.run(ThreadPoolExecutor.java:615)
	at java.lang.Thread.run(Thread.java:744)
Caused by: org.openqa.selenium.StaleElementReferenceException: Element not found in the cache - perhaps the page has changed since it was looked up
For documentation on this error, please visit: http://seleniumhq.org/exceptions/stale_element_reference.html
Build info: version: '2.45.0', revision: '5017cb8', time: '2015-02-26 23:59:50'
System info: host: 'ShilpiPC', ip: '192.168.5.1', os.name: 'Windows 8', os.arch: 'amd64', os.version: '6.2', java.version: '1.7.0_45'
Driver info: driver.version: unknown
	at <anonymous class>.fxdriver.cache.getElementAt(resource://fxdriver/modules/web-element-cache.js:8953)
	at <anonymous class>.Utils.getElementAt(file:///C:/Users/Shilpi/AppData/Local/Temp/anonymous8735524020858370020webdriver-profile/extensions/fxdriver@googlecode.com/components/command-processor.js:8546)
	at <anonymous class>.WebElement.getElementText(file:///C:/Users/Shilpi/AppData/Local/Temp/anonymous8735524020858370020webdriver-profile/extensions/fxdriver@googlecode.com/components/command-processor.js:11704)
	at <anonymous class>.DelayedCommand.prototype.executeInternal_/h(file:///C:/Users/Shilpi/AppData/Local/Temp/anonymous8735524020858370020webdriver-profile/extensions/fxdriver@googlecode.com/components/command-processor.js:12274)
	at <anonymous class>.DelayedCommand.prototype.executeInternal_(file:///C:/Users/Shilpi/AppData/Local/Temp/anonymous8735524020858370020webdriver-profile/extensions/fxdriver@googlecode.com/components/command-processor.js:12279)
	at <anonymous class>.DelayedCommand.prototype.execute/<(file:///C:/Users/Shilpi/AppData/Local/Temp/anonymous8735524020858370020webdriver-profile/extensions/fxdriver@googlecode.com/components/command-processor.js:12221)
]]>
            </full-stacktrace>
          </exception> <!-- org.openqa.selenium.StaleElementReferenceException -->
          <reporter-output>
          </reporter-output>
        </test-method> <!-- testFMSearchDoctor -->
        <test-method status="PASS" signature="closeBrowser()[pri:0, instance:com.sh.tests.SHFindADoctorTest@156e5f3e]" name="closeBrowser" is-config="true" duration-ms="239" started-at="2015-05-22T11:32:07Z" finished-at="2015-05-22T11:32:07Z">
          <reporter-output>
          </reporter-output>
        </test-method> <!-- closeBrowser -->
        <test-method status="PASS" signature="openBrowser()[pri:0, instance:com.sh.tests.SHFindADoctorTest@156e5f3e]" name="openBrowser" is-config="true" duration-ms="60763" started-at="2015-05-22T11:32:07Z" finished-at="2015-05-22T11:33:08Z">
          <reporter-output>
          </reporter-output>
        </test-method> <!-- openBrowser -->
        <test-method status="PASS" signature="openBrowser()[pri:0, instance:com.sh.tests.SHFindADoctorTest@156e5f3e]" name="openBrowser" is-config="true" duration-ms="41201" started-at="2015-05-22T11:32:07Z" finished-at="2015-05-22T11:32:49Z">
          <reporter-output>
          </reporter-output>
        </test-method> <!-- openBrowser -->
        <test-method status="PASS" signature="openBrowser()[pri:0, instance:com.sh.tests.SHFindADoctorTest@156e5f3e]" name="openBrowser" is-config="true" duration-ms="76836" started-at="2015-05-22T11:32:07Z" finished-at="2015-05-22T11:33:24Z">
          <reporter-output>
          </reporter-output>
        </test-method> <!-- openBrowser -->
        <test-method status="PASS" signature="testSearch(java.lang.String, java.lang.String)[pri:0, instance:com.sh.tests.SHFindADoctorTest@156e5f3e]" name="testSearch" duration-ms="9155" started-at="2015-05-22T11:32:49Z" data-provider="searchdata" finished-at="2015-05-22T11:32:58Z">
          <params>
            <param index="0">
              <value>
                <![CDATA[Patients]]>
              </value>
            </param>
            <param index="1">
              <value>
                <![CDATA[3432]]>
              </value>
            </param>
          </params>
          <reporter-output>
          </reporter-output>
        </test-method> <!-- testSearch -->
        <test-method status="PASS" signature="closeBrowser()[pri:0, instance:com.sh.tests.SHFindADoctorTest@156e5f3e]" name="closeBrowser" is-config="true" duration-ms="197" started-at="2015-05-22T11:32:58Z" finished-at="2015-05-22T11:32:58Z">
          <reporter-output>
          </reporter-output>
        </test-method> <!-- closeBrowser -->
        <test-method status="FAIL" signature="testSearch(java.lang.String, java.lang.String)[pri:0, instance:com.sh.tests.SHFindADoctorTest@156e5f3e]" name="testSearch" duration-ms="6284" started-at="2015-05-22T11:33:08Z" data-provider="searchdata" finished-at="2015-05-22T11:33:14Z">
          <params>
            <param index="0">
              <value>
                <![CDATA[Flu Shots]]>
              </value>
            </param>
            <param index="1">
              <value>
                <![CDATA[86]]>
              </value>
            </param>
          </params>
          <exception class="java.lang.AssertionError">
            <message>
              <![CDATA[expected [true] but found [false]]]>
            </message>
            <full-stacktrace>
              <![CDATA[java.lang.AssertionError: expected [true] but found [false]
	at org.testng.Assert.fail(Assert.java:94)
	at org.testng.Assert.failNotEquals(Assert.java:494)
	at org.testng.Assert.assertTrue(Assert.java:42)
	at org.testng.Assert.assertTrue(Assert.java:52)
	at com.sh.tests.SHFindADoctorTest.testSearch(SHFindADoctorTest.java:42)
	at sun.reflect.NativeMethodAccessorImpl.invoke0(Native Method)
	at sun.reflect.NativeMethodAccessorImpl.invoke(NativeMethodAccessorImpl.java:57)
	at sun.reflect.DelegatingMethodAccessorImpl.invoke(DelegatingMethodAccessorImpl.java:43)
	at java.lang.reflect.Method.invoke(Method.java:606)
	at org.testng.internal.MethodInvocationHelper.invokeMethod(MethodInvocationHelper.java:84)
	at org.testng.internal.Invoker.invokeMethod(Invoker.java:714)
	at org.testng.internal.Invoker.invokeTestMethod(Invoker.java:901)
	at org.testng.internal.TestMethodWithDataProviderMethodWorker.call(TestMethodWithDataProviderMethodWorker.java:73)
	at org.testng.internal.TestMethodWithDataProviderMethodWorker.call(TestMethodWithDataProviderMethodWorker.java:14)
	at java.util.concurrent.FutureTask.run(FutureTask.java:262)
	at java.util.concurrent.Executors$RunnableAdapter.call(Executors.java:471)
	at java.util.concurrent.FutureTask.run(FutureTask.java:262)
	at java.util.concurrent.ThreadPoolExecutor.runWorker(ThreadPoolExecutor.java:1145)
	at java.util.concurrent.ThreadPoolExecutor$Worker.run(ThreadPoolExecutor.java:615)
	at java.lang.Thread.run(Thread.java:744)
]]>
            </full-stacktrace>
          </exception> <!-- java.lang.AssertionError -->
          <reporter-output>
          </reporter-output>
        </test-method> <!-- testSearch -->
        <test-method status="PASS" signature="closeBrowser()[pri:0, instance:com.sh.tests.SHFindADoctorTest@156e5f3e]" name="closeBrowser" is-config="true" duration-ms="232" started-at="2015-05-22T11:33:14Z" finished-at="2015-05-22T11:33:15Z">
          <reporter-output>
          </reporter-output>
        </test-method> <!-- closeBrowser -->
        <test-method status="PASS" signature="testSearch(java.lang.String, java.lang.String)[pri:0, instance:com.sh.tests.SHFindADoctorTest@156e5f3e]" name="testSearch" duration-ms="6711" started-at="2015-05-22T11:33:24Z" data-provider="searchdata" finished-at="2015-05-22T11:33:31Z">
          <params>
            <param index="0">
              <value>
                <![CDATA[Ebola]]>
              </value>
            </param>
            <param index="1">
              <value>
                <![CDATA[5]]>
              </value>
            </param>
          </params>
          <reporter-output>
          </reporter-output>
        </test-method> <!-- testSearch -->
        <test-method status="PASS" signature="closeBrowser()[pri:0, instance:com.sh.tests.SHFindADoctorTest@156e5f3e]" name="closeBrowser" is-config="true" duration-ms="184" started-at="2015-05-22T11:33:31Z" finished-at="2015-05-22T11:33:31Z">
          <reporter-output>
          </reporter-output>
        </test-method> <!-- closeBrowser -->
      </class> <!-- com.sh.tests.SHFindADoctorTest -->
    </test> <!-- FFRegression -->
  </suite> <!-- SutterHealthFunctional -->
</testng-results>
