<?xml version="1.0" encoding="UTF-8"?>
<!-- Generated by org.testng.reporters.JUnitXMLReporter -->
<testsuite hostname="ShilpiPC" name="FFRegression" tests="6" failures="3" timestamp="22 May 2015 18:33:31 GMT" time="132.462" errors="0">
  <testcase name="testAllImages" time="3.331" classname="com.sh.tests.SHFacilitiesTest">
    <failure type="java.lang.AssertionError" message="null">
      <![CDATA[java.lang.AssertionError: null
	at com.sh.tests.SHFacilitiesTest.testAllImages(SHFacilitiesTest.java:108)
	at java.util.concurrent.ThreadPoolExecutor.runWorker(ThreadPoolExecutor.java:1145)
	at java.util.concurrent.ThreadPoolExecutor$Worker.run(ThreadPoolExecutor.java:615)
	at java.lang.Thread.run(Thread.java:744)
... Removed 12 stack frames]]>
    </failure>
  </testcase> <!-- testAllImages -->
  <testcase name="testFMSearchDoctor" time="9.59" classname="com.sh.tests.SHFindADoctorTest">
    <failure type="org.openqa.selenium.StaleElementReferenceException" message="Element not found in the cache - perhaps the page has changed since it was looked up
Command duration or timeout: 4.76 seconds
For documentation on this error, please visit: http://seleniumhq.org/exceptions/stale_element_reference.html
Build info: version: &amp;apos;2.45.0&amp;apos;, revision: &amp;apos;5017cb8&amp;apos;, time: &amp;apos;2015-02-26 23:59:50&amp;apos;
System info: host: &amp;apos;ShilpiPC&amp;apos;, ip: &amp;apos;192.168.5.1&amp;apos;, os.name: &amp;apos;Windows 8&amp;apos;, os.arch: &amp;apos;amd64&amp;apos;, os.version: &amp;apos;6.2&amp;apos;, java.version: &amp;apos;1.7.0_45&amp;apos;
Session ID: 6134b3d1-7b58-4211-b2d4-dc5f538b22fb
Driver info: org.openqa.selenium.firefox.FirefoxDriver
Capabilities [{platform=WINDOWS, acceptSslCerts=true, javascriptEnabled=true, cssSelectorsEnabled=true, databaseEnabled=true, browserName=firefox, handlesAlerts=true, nativeEvents=false, webStorageEnabled=true, rotatable=false, locationContextEnabled=true, applicationCacheEnabled=true, takesScreenshot=true, version=37.0.2}]">
      <![CDATA[org.openqa.selenium.StaleElementReferenceException: Element not found in the cache - perhaps the page has changed since it was looked up
Command duration or timeout: 4.76 seconds
For documentation on this error, please visit: http://seleniumhq.org/exceptions/stale_element_reference.html
Build info: version: '2.45.0', revision: '5017cb8', time: '2015-02-26 23:59:50'
System info: host: 'ShilpiPC', ip: '192.168.5.1', os.name: 'Windows 8', os.arch: 'amd64', os.version: '6.2', java.version: '1.7.0_45'
Session ID: 6134b3d1-7b58-4211-b2d4-dc5f538b22fb
Driver info: org.openqa.selenium.firefox.FirefoxDriver
Capabilities [{platform=WINDOWS, acceptSslCerts=true, javascriptEnabled=true, cssSelectorsEnabled=true, databaseEnabled=true, browserName=firefox, handlesAlerts=true, nativeEvents=false, webStorageEnabled=true, rotatable=false, locationContextEnabled=true, applicationCacheEnabled=true, takesScreenshot=true, version=37.0.2}]
	at org.openqa.selenium.remote.ErrorHandler.createThrowable(ErrorHandler.java:204)
	at org.openqa.selenium.remote.ErrorHandler.throwIfResponseFailed(ErrorHandler.java:156)
	at org.openqa.selenium.remote.RemoteWebDriver.execute(RemoteWebDriver.java:599)
	at org.openqa.selenium.remote.RemoteWebElement.execute(RemoteWebElement.java:268)
	at org.openqa.selenium.remote.RemoteWebElement.getText(RemoteWebElement.java:152)
	at com.sh.pages.SHProvideSearchResults.getHeader(SHProvideSearchResults.java:18)
	at com.sh.tests.SHFindADoctorTest.testFMSearchDoctor(SHFindADoctorTest.java:51)
	at java.util.concurrent.ThreadPoolExecutor.runWorker(ThreadPoolExecutor.java:1145)
	at java.util.concurrent.ThreadPoolExecutor$Worker.run(ThreadPoolExecutor.java:615)
	at java.lang.Thread.run(Thread.java:744)
Caused by: org.openqa.selenium.StaleElementReferenceException: Element not found in the cache - perhaps the page has changed since it was looked up
For documentation on this error, please visit: http://seleniumhq.org/exceptions/stale_element_reference.html
Build info: version: '2.45.0', revision: '5017cb8', time: '2015-02-26 23:59:50'
System info: host: 'ShilpiPC', ip: '192.168.5.1', os.name: 'Windows 8', os.arch: 'amd64', os.version: '6.2', java.version: '1.7.0_45'
Driver info: driver.version: unknown
	at <anonymous class>.fxdriver.cache.getElementAt(resource://fxdriver/modules/web-element-cache.js:8953)
	at <anonymous class>.Utils.getElementAt(file:///C:/Users/Shilpi/AppData/Local/Temp/anonymous8735524020858370020webdriver-profile/extensions/fxdriver@googlecode.com/components/command-processor.js:8546)
	at <anonymous class>.WebElement.getElementText(file:///C:/Users/Shilpi/AppData/Local/Temp/anonymous8735524020858370020webdriver-profile/extensions/fxdriver@googlecode.com/components/command-processor.js:11704)
	at <anonymous class>.DelayedCommand.prototype.executeInternal_/h(file:///C:/Users/Shilpi/AppData/Local/Temp/anonymous8735524020858370020webdriver-profile/extensions/fxdriver@googlecode.com/components/command-processor.js:12274)
	at <anonymous class>.DelayedCommand.prototype.executeInternal_(file:///C:/Users/Shilpi/AppData/Local/Temp/anonymous8735524020858370020webdriver-profile/extensions/fxdriver@googlecode.com/components/command-processor.js:12279)
	at <anonymous class>.DelayedCommand.prototype.execute/<(file:///C:/Users/Shilpi/AppData/Local/Temp/anonymous8735524020858370020webdriver-profile/extensions/fxdriver@googlecode.com/components/command-processor.js:12221)
... Removed 14 stack frames]]>
    </failure>
  </testcase> <!-- testFMSearchDoctor -->
  <testcase name="testFacilitiesPage" time="0.133" classname="com.sh.tests.SHFacilitiesTest"/>
  <testcase name="testSearch" time="9.155" classname="com.sh.tests.SHFindADoctorTest"/>
  <testcase name="testSearch" time="6.284" classname="com.sh.tests.SHFindADoctorTest">
    <failure type="java.lang.AssertionError" message="expected [true] but found [false]">
      <![CDATA[java.lang.AssertionError: expected [true] but found [false]
	at com.sh.tests.SHFindADoctorTest.testSearch(SHFindADoctorTest.java:42)
	at java.util.concurrent.FutureTask.run(FutureTask.java:262)
	at java.util.concurrent.Executors$RunnableAdapter.call(Executors.java:471)
	at java.util.concurrent.FutureTask.run(FutureTask.java:262)
	at java.util.concurrent.ThreadPoolExecutor.runWorker(ThreadPoolExecutor.java:1145)
	at java.util.concurrent.ThreadPoolExecutor$Worker.run(ThreadPoolExecutor.java:615)
	at java.lang.Thread.run(Thread.java:744)
... Removed 13 stack frames]]>
    </failure>
  </testcase> <!-- testSearch -->
  <testcase name="testSearch" time="6.711" classname="com.sh.tests.SHFindADoctorTest"/>
</testsuite> <!-- FFRegression -->
