<html>
<head>
<title>TestNG:  Command line test</title>
<link href="../testng.css" rel="stylesheet" type="text/css" />
<link href="../my-testng.css" rel="stylesheet" type="text/css" />

<style type="text/css">
.log { display: none;} 
.stack-trace { display: none;} 
</style>
<script type="text/javascript">
<!--
function flip(e) {
  current = e.style.display;
  if (current == 'block') {
    e.style.display = 'none';
    return 0;
  }
  else {
    e.style.display = 'block';
    return 1;
  }
}

function toggleBox(szDivId, elem, msg1, msg2)
{
  var res = -1;  if (document.getElementById) {
    res = flip(document.getElementById(szDivId));
  }
  else if (document.all) {
    // this is the way old msie versions work
    res = flip(document.all[szDivId]);
  }
  if(elem) {
    if(res == 0) elem.innerHTML = msg1; else elem.innerHTML = msg2;
  }

}

function toggleAllBoxes() {
  if (document.getElementsByTagName) {
    d = document.getElementsByTagName('div');
    for (i = 0; i < d.length; i++) {
      if (d[i].className == 'log') {
        flip(d[i]);
      }
    }
  }
}

// -->
</script>

</head>
<body>
<h2 align='center'>Command line test</h2><table border='1' align="center">
<tr>
<td>Tests passed/Failed/Skipped:</td><td>0/2/5</td>
</tr><tr>
<td>Started on:</td><td>Tue Apr 09 11:52:51 PDT 2013</td>
</tr>
<tr><td>Total time:</td><td>50 seconds (50927 ms)</td>
</tr><tr>
<td>Included groups:</td><td></td>
</tr><tr>
<td>Excluded groups:</td><td></td>
</tr>
</table><p/>
<small><i>(Hover the method name to see the test class name)</i></small><p/>
<table width='100%' border='1' class='invocation-failed'>
<tr><td colspan='4' align='center'><b>FAILED CONFIGURATIONS</b></td></tr>
<tr><td><b>Test method</b></td>
<td width="30%"><b>Exception</b></td>
<td width="10%"><b>Time (seconds)</b></td>
<td><b>Instance</b></td>
</tr>
<tr>
<td title='com.wbqa.samples.WD.TestMC.openBrowser()'><b>openBrowser</b><br>Test class: com.wbqa.samples.WD.TestMC</td>
<td><div><pre>org.testng.TestNGException: 
Method openBrowser requires 1 parameters but 0 were supplied in the @Configuration annotation.
... Removed 34 stack frames</pre></div><a href='#' onClick='toggleBox("stack-trace1614486788", this, "Click to show all stack frames", "Click to hide stack frames")'>Click to show all stack frames</a>
<div class='stack-trace' id='stack-trace1614486788'><pre>org.testng.TestNGException: 
Method openBrowser requires 1 parameters but 0 were supplied in the @Configuration annotation.
	at org.testng.internal.Parameters.checkParameterTypes(Parameters.java:198)
	at org.testng.internal.Parameters.createParameters(Parameters.java:134)
	at org.testng.internal.Parameters.createParameters(Parameters.java:373)
	at org.testng.internal.Parameters.createConfigurationParameters(Parameters.java:86)
	at org.testng.internal.Invoker.invokeConfigurations(Invoker.java:199)
	at org.testng.internal.Invoker.invokeMethod(Invoker.java:653)
	at org.testng.internal.Invoker.invokeTestMethod(Invoker.java:901)
	at org.testng.internal.Invoker.invokeTestMethods(Invoker.java:1231)
	at org.testng.internal.TestMethodWorker.invokeTestMethods(TestMethodWorker.java:127)
	at org.testng.internal.TestMethodWorker.run(TestMethodWorker.java:111)
	at org.testng.TestRunner.privateRun(TestRunner.java:767)
	at org.testng.TestRunner.run(TestRunner.java:617)
	at org.testng.SuiteRunner.runTest(SuiteRunner.java:334)
	at org.testng.SuiteRunner.runSequentially(SuiteRunner.java:329)
	at org.testng.SuiteRunner.privateRun(SuiteRunner.java:291)
	at org.testng.SuiteRunner.run(SuiteRunner.java:240)
	at org.testng.SuiteRunnerWorker.runSuite(SuiteRunnerWorker.java:52)
	at org.testng.SuiteRunnerWorker.run(SuiteRunnerWorker.java:86)
	at org.testng.TestNG.runSuitesSequentially(TestNG.java:1224)
	at org.testng.TestNG.runSuitesLocally(TestNG.java:1149)
	at org.testng.TestNG.run(TestNG.java:1057)
	at org.apache.maven.surefire.testng.TestNGExecutor.run(TestNGExecutor.java:77)
	at org.apache.maven.surefire.testng.TestNGDirectoryTestSuite.executeMulti(TestNGDirectoryTestSuite.java:189)
	at org.apache.maven.surefire.testng.TestNGDirectoryTestSuite.execute(TestNGDirectoryTestSuite.java:105)
	at org.apache.maven.surefire.testng.TestNGProvider.invoke(TestNGProvider.java:117)
	at sun.reflect.NativeMethodAccessorImpl.invoke0(Native Method)
	at sun.reflect.NativeMethodAccessorImpl.invoke(Unknown Source)
	at sun.reflect.DelegatingMethodAccessorImpl.invoke(Unknown Source)
	at java.lang.reflect.Method.invoke(Unknown Source)
	at org.apache.maven.surefire.util.ReflectionUtils.invokeMethodWithArray2(ReflectionUtils.java:208)
	at org.apache.maven.surefire.booter.ProviderFactory$ProviderProxy.invoke(ProviderFactory.java:158)
	at org.apache.maven.surefire.booter.ProviderFactory.invokeProvider(ProviderFactory.java:86)
	at org.apache.maven.surefire.booter.ForkedBooter.runSuitesInProcess(ForkedBooter.java:153)
	at org.apache.maven.surefire.booter.ForkedBooter.main(ForkedBooter.java:95)
</pre></div></td>
<td>0</td>
<td>com.wbqa.samples.WD.TestMC@7ad81784</td></tr>
</table><p>
<table width='100%' border='1' class='invocation-skipped'>
<tr><td colspan='4' align='center'><b>SKIPPED CONFIGURATIONS</b></td></tr>
<tr><td><b>Test method</b></td>
<td width="30%"><b>Exception</b></td>
<td width="10%"><b>Time (seconds)</b></td>
<td><b>Instance</b></td>
</tr>
<tr>
<td title='com.wbqa.samples.WD.TestMC.openBrowser()'><b>openBrowser</b><br>Test class: com.wbqa.samples.WD.TestMC</td>
<td></td>
<td>0</td>
<td>com.wbqa.samples.WD.TestMC@7ad81784</td></tr>
<tr>
<td title='com.wbqa.samples.WD.TestMC.openBrowser()'><b>openBrowser</b><br>Test class: com.wbqa.samples.WD.TestMC</td>
<td></td>
<td>0</td>
<td>com.wbqa.samples.WD.TestMC@7ad81784</td></tr>
<tr>
<td title='com.wbqa.samples.WD.TestMC.openBrowser()'><b>openBrowser</b><br>Test class: com.wbqa.samples.WD.TestMC</td>
<td></td>
<td>0</td>
<td>com.wbqa.samples.WD.TestMC@7ad81784</td></tr>
<tr>
<td title='com.wbqa.samples.WD.TestMC.closeFFBrowser()'><b>closeFFBrowser</b><br>Test class: com.wbqa.samples.WD.TestMC</td>
<td></td>
<td>0</td>
<td>com.wbqa.samples.WD.TestMC@7ad81784</td></tr>
<tr>
<td title='com.wbqa.samples.WD.TestMC.closeFFBrowser()'><b>closeFFBrowser</b><br>Test class: com.wbqa.samples.WD.TestMC</td>
<td></td>
<td>0</td>
<td>com.wbqa.samples.WD.TestMC@7ad81784</td></tr>
<tr>
<td title='com.wbqa.samples.WD.TestMC.closeFFBrowser()'><b>closeFFBrowser</b><br>Test class: com.wbqa.samples.WD.TestMC</td>
<td></td>
<td>0</td>
<td>com.wbqa.samples.WD.TestMC@7ad81784</td></tr>
<tr>
<td title='com.wbqa.samples.WD.TestMC.closeFFBrowser()'><b>closeFFBrowser</b><br>Test class: com.wbqa.samples.WD.TestMC</td>
<td></td>
<td>0</td>
<td>com.wbqa.samples.WD.TestMC@7ad81784</td></tr>
</table><p>
<table width='100%' border='1' class='invocation-failed'>
<tr><td colspan='4' align='center'><b>FAILED TESTS</b></td></tr>
<tr><td><b>Test method</b></td>
<td width="30%"><b>Exception</b></td>
<td width="10%"><b>Time (seconds)</b></td>
<td><b>Instance</b></td>
</tr>
<tr>
<td title='com.wbqa.samples.WD.TestMCRates.test1()'><b>test1</b><br>Test class: com.wbqa.samples.WD.TestMCRates<br>Parameters: Arizona, Refinance, $200,000</td>
<td><div><pre>org.openqa.selenium.NoSuchElementException: Unable to locate element: {&quot;method&quot;:&quot;id&quot;,&quot;selector&quot;:&quot;sh_state&quot;}
Command duration or timeout: 55 milliseconds
For documentation on this error, please visit: http://seleniumhq.org/exceptions/no_such_element.html
Build info: version: &apos;2.31.0&apos;, revision: &apos;1bd294d185a80fa4206dfeab80ba773c04ac33c0&apos;, time: &apos;2013-02-27 13:51:26&apos;
System info: os.name: &apos;Windows 7&apos;, os.arch: &apos;amd64&apos;, os.version: &apos;6.1&apos;, java.version: &apos;1.6.0_37&apos;
Session ID: 3a593985-1314-48ba-b7ce-0ec0333f4f42
Driver info: org.openqa.selenium.firefox.FirefoxDriver
Capabilities [{platform=XP, acceptSslCerts=true, javascriptEnabled=true, browserName=firefox, rotatable=false, locationContextEnabled=true, version=17.0.1, cssSelectorsEnabled=true, databaseEnabled=true, handlesAlerts=true, browserConnectionEnabled=true, nativeEvents=true, webStorageEnabled=true, applicationCacheEnabled=true, takesScreenshot=true}]
	at org.openqa.selenium.remote.ErrorHandler.createThrowable(ErrorHandler.java:187)
	at org.openqa.selenium.remote.ErrorHandler.throwIfResponseFailed(ErrorHandler.java:145)
	at org.openqa.selenium.remote.RemoteWebDriver.execute(RemoteWebDriver.java:554)
	at org.openqa.selenium.remote.RemoteWebDriver.findElement(RemoteWebDriver.java:307)
	at org.openqa.selenium.remote.RemoteWebDriver.findElementById(RemoteWebDriver.java:348)
	at org.openqa.selenium.By$ById.findElement(By.java:216)
	at org.openqa.selenium.remote.RemoteWebDriver.findElement(RemoteWebDriver.java:299)
	at com.wbqa.samples.WD.page.MCRatesPage.getRates(MCRatesPage.java:21)
	at com.wbqa.samples.WD.TestMCRates.test1(TestMCRates.java:24)
Caused by: org.openqa.selenium.remote.ErrorHandler$UnknownServerException: Unable to locate element: {&quot;method&quot;:&quot;id&quot;,&quot;selector&quot;:&quot;sh_state&quot;}
Build info: version: &apos;2.31.0&apos;, revision: &apos;1bd294d185a80fa4206dfeab80ba773c04ac33c0&apos;, time: &apos;2013-02-27 13:51:26&apos;
System info: os.name: &apos;Windows 7&apos;, os.arch: &apos;amd64&apos;, os.version: &apos;6.1&apos;, java.version: &apos;1.6.0_37&apos;
Driver info: driver.version: unknown
	at &lt;anonymous class&gt;.FirefoxDriver.findElementInternal_(file:///C:/Users/Shilpi/AppData/Local/Temp/anonymous6089488968997352659webdriver-profile/extensions/fxdriver@googlecode.com/components/driver_component.js:8281)
	at &lt;anonymous class&gt;.FirefoxDriver.findElement(file:///C:/Users/Shilpi/AppData/Local/Temp/anonymous6089488968997352659webdriver-profile/extensions/fxdriver@googlecode.com/components/driver_component.js:8290)
	at &lt;anonymous class&gt;.DelayedCommand.executeInternal_/h(file:///C:/Users/Shilpi/AppData/Local/Temp/anonymous6089488968997352659webdriver-profile/extensions/fxdriver@googlecode.com/components/command_processor.js:10272)
	at &lt;anonymous class&gt;.DelayedCommand.executeInternal_(file:///C:/Users/Shilpi/AppData/Local/Temp/anonymous6089488968997352659webdriver-profile/extensions/fxdriver@googlecode.com/components/command_processor.js:10277)
	at &lt;anonymous class&gt;.DelayedCommand.execute/&lt;(file:///C:/Users/Shilpi/AppData/Local/Temp/anonymous6089488968997352659webdriver-profile/extensions/fxdriver@googlecode.com/components/command_processor.js:10217)
... Removed 38 stack frames</pre></div><a href='#' onClick='toggleBox("stack-trace1342217997", this, "Click to show all stack frames", "Click to hide stack frames")'>Click to show all stack frames</a>
<div class='stack-trace' id='stack-trace1342217997'><pre>org.openqa.selenium.NoSuchElementException: Unable to locate element: {&quot;method&quot;:&quot;id&quot;,&quot;selector&quot;:&quot;sh_state&quot;}
Command duration or timeout: 55 milliseconds
For documentation on this error, please visit: http://seleniumhq.org/exceptions/no_such_element.html
Build info: version: &apos;2.31.0&apos;, revision: &apos;1bd294d185a80fa4206dfeab80ba773c04ac33c0&apos;, time: &apos;2013-02-27 13:51:26&apos;
System info: os.name: &apos;Windows 7&apos;, os.arch: &apos;amd64&apos;, os.version: &apos;6.1&apos;, java.version: &apos;1.6.0_37&apos;
Session ID: 3a593985-1314-48ba-b7ce-0ec0333f4f42
Driver info: org.openqa.selenium.firefox.FirefoxDriver
Capabilities [{platform=XP, acceptSslCerts=true, javascriptEnabled=true, browserName=firefox, rotatable=false, locationContextEnabled=true, version=17.0.1, cssSelectorsEnabled=true, databaseEnabled=true, handlesAlerts=true, browserConnectionEnabled=true, nativeEvents=true, webStorageEnabled=true, applicationCacheEnabled=true, takesScreenshot=true}]
	at sun.reflect.NativeConstructorAccessorImpl.newInstance0(Native Method)
	at sun.reflect.NativeConstructorAccessorImpl.newInstance(Unknown Source)
	at sun.reflect.DelegatingConstructorAccessorImpl.newInstance(Unknown Source)
	at java.lang.reflect.Constructor.newInstance(Unknown Source)
	at org.openqa.selenium.remote.ErrorHandler.createThrowable(ErrorHandler.java:187)
	at org.openqa.selenium.remote.ErrorHandler.throwIfResponseFailed(ErrorHandler.java:145)
	at org.openqa.selenium.remote.RemoteWebDriver.execute(RemoteWebDriver.java:554)
	at org.openqa.selenium.remote.RemoteWebDriver.findElement(RemoteWebDriver.java:307)
	at org.openqa.selenium.remote.RemoteWebDriver.findElementById(RemoteWebDriver.java:348)
	at org.openqa.selenium.By$ById.findElement(By.java:216)
	at org.openqa.selenium.remote.RemoteWebDriver.findElement(RemoteWebDriver.java:299)
	at com.wbqa.samples.WD.page.MCRatesPage.getRates(MCRatesPage.java:21)
	at com.wbqa.samples.WD.TestMCRates.test1(TestMCRates.java:24)
	at sun.reflect.NativeMethodAccessorImpl.invoke0(Native Method)
	at sun.reflect.NativeMethodAccessorImpl.invoke(Unknown Source)
	at sun.reflect.DelegatingMethodAccessorImpl.invoke(Unknown Source)
	at java.lang.reflect.Method.invoke(Unknown Source)
	at org.testng.internal.MethodInvocationHelper.invokeMethod(MethodInvocationHelper.java:84)
	at org.testng.internal.Invoker.invokeMethod(Invoker.java:714)
	at org.testng.internal.Invoker.invokeTestMethod(Invoker.java:901)
	at org.testng.internal.Invoker.invokeTestMethods(Invoker.java:1231)
	at org.testng.internal.TestMethodWorker.invokeTestMethods(TestMethodWorker.java:127)
	at org.testng.internal.TestMethodWorker.run(TestMethodWorker.java:111)
	at org.testng.TestRunner.privateRun(TestRunner.java:767)
	at org.testng.TestRunner.run(TestRunner.java:617)
	at org.testng.SuiteRunner.runTest(SuiteRunner.java:334)
	at org.testng.SuiteRunner.runSequentially(SuiteRunner.java:329)
	at org.testng.SuiteRunner.privateRun(SuiteRunner.java:291)
	at org.testng.SuiteRunner.run(SuiteRunner.java:240)
	at org.testng.SuiteRunnerWorker.runSuite(SuiteRunnerWorker.java:52)
	at org.testng.SuiteRunnerWorker.run(SuiteRunnerWorker.java:86)
	at org.testng.TestNG.runSuitesSequentially(TestNG.java:1224)
	at org.testng.TestNG.runSuitesLocally(TestNG.java:1149)
	at org.testng.TestNG.run(TestNG.java:1057)
	at org.apache.maven.surefire.testng.TestNGExecutor.run(TestNGExecutor.java:77)
	at org.apache.maven.surefire.testng.TestNGDirectoryTestSuite.executeMulti(TestNGDirectoryTestSuite.java:189)
	at org.apache.maven.surefire.testng.TestNGDirectoryTestSuite.execute(TestNGDirectoryTestSuite.java:105)
	at org.apache.maven.surefire.testng.TestNGProvider.invoke(TestNGProvider.java:117)
	at sun.reflect.NativeMethodAccessorImpl.invoke0(Native Method)
	at sun.reflect.NativeMethodAccessorImpl.invoke(Unknown Source)
	at sun.reflect.DelegatingMethodAccessorImpl.invoke(Unknown Source)
	at java.lang.reflect.Method.invoke(Unknown Source)
	at org.apache.maven.surefire.util.ReflectionUtils.invokeMethodWithArray2(ReflectionUtils.java:208)
	at org.apache.maven.surefire.booter.ProviderFactory$ProviderProxy.invoke(ProviderFactory.java:158)
	at org.apache.maven.surefire.booter.ProviderFactory.invokeProvider(ProviderFactory.java:86)
	at org.apache.maven.surefire.booter.ForkedBooter.runSuitesInProcess(ForkedBooter.java:153)
	at org.apache.maven.surefire.booter.ForkedBooter.main(ForkedBooter.java:95)
Caused by: org.openqa.selenium.remote.ErrorHandler$UnknownServerException: Unable to locate element: {&quot;method&quot;:&quot;id&quot;,&quot;selector&quot;:&quot;sh_state&quot;}
Build info: version: &apos;2.31.0&apos;, revision: &apos;1bd294d185a80fa4206dfeab80ba773c04ac33c0&apos;, time: &apos;2013-02-27 13:51:26&apos;
System info: os.name: &apos;Windows 7&apos;, os.arch: &apos;amd64&apos;, os.version: &apos;6.1&apos;, java.version: &apos;1.6.0_37&apos;
Driver info: driver.version: unknown
	at &lt;anonymous class&gt;.FirefoxDriver.findElementInternal_(file:///C:/Users/Shilpi/AppData/Local/Temp/anonymous6089488968997352659webdriver-profile/extensions/fxdriver@googlecode.com/components/driver_component.js:8281)
	at &lt;anonymous class&gt;.FirefoxDriver.findElement(file:///C:/Users/Shilpi/AppData/Local/Temp/anonymous6089488968997352659webdriver-profile/extensions/fxdriver@googlecode.com/components/driver_component.js:8290)
	at &lt;anonymous class&gt;.DelayedCommand.executeInternal_/h(file:///C:/Users/Shilpi/AppData/Local/Temp/anonymous6089488968997352659webdriver-profile/extensions/fxdriver@googlecode.com/components/command_processor.js:10272)
	at &lt;anonymous class&gt;.DelayedCommand.executeInternal_(file:///C:/Users/Shilpi/AppData/Local/Temp/anonymous6089488968997352659webdriver-profile/extensions/fxdriver@googlecode.com/components/command_processor.js:10277)
	at &lt;anonymous class&gt;.DelayedCommand.execute/&lt;(file:///C:/Users/Shilpi/AppData/Local/Temp/anonymous6089488968997352659webdriver-profile/extensions/fxdriver@googlecode.com/components/command_processor.js:10217)
</pre></div></td>
<td>10</td>
<td>com.wbqa.samples.WD.TestMCRates@68e6ff0d</td></tr>
<tr>
<td title='com.wbqa.samples.WD.TestMCRates.test1()'><b>test1</b><br>Test class: com.wbqa.samples.WD.TestMCRates<br>Parameters: California, Purchase, $500,000</td>
<td><div><pre>org.openqa.selenium.NoSuchElementException: Unable to locate element: {&quot;method&quot;:&quot;id&quot;,&quot;selector&quot;:&quot;sh_state&quot;}
Command duration or timeout: 36 milliseconds
For documentation on this error, please visit: http://seleniumhq.org/exceptions/no_such_element.html
Build info: version: &apos;2.31.0&apos;, revision: &apos;1bd294d185a80fa4206dfeab80ba773c04ac33c0&apos;, time: &apos;2013-02-27 13:51:26&apos;
System info: os.name: &apos;Windows 7&apos;, os.arch: &apos;amd64&apos;, os.version: &apos;6.1&apos;, java.version: &apos;1.6.0_37&apos;
Session ID: 4ee09721-74d5-4fe8-a726-ebdff79d7d57
Driver info: org.openqa.selenium.firefox.FirefoxDriver
Capabilities [{platform=XP, acceptSslCerts=true, javascriptEnabled=true, browserName=firefox, rotatable=false, locationContextEnabled=true, version=17.0.1, cssSelectorsEnabled=true, databaseEnabled=true, handlesAlerts=true, browserConnectionEnabled=true, nativeEvents=true, webStorageEnabled=true, applicationCacheEnabled=true, takesScreenshot=true}]
	at org.openqa.selenium.remote.ErrorHandler.createThrowable(ErrorHandler.java:187)
	at org.openqa.selenium.remote.ErrorHandler.throwIfResponseFailed(ErrorHandler.java:145)
	at org.openqa.selenium.remote.RemoteWebDriver.execute(RemoteWebDriver.java:554)
	at org.openqa.selenium.remote.RemoteWebDriver.findElement(RemoteWebDriver.java:307)
	at org.openqa.selenium.remote.RemoteWebDriver.findElementById(RemoteWebDriver.java:348)
	at org.openqa.selenium.By$ById.findElement(By.java:216)
	at org.openqa.selenium.remote.RemoteWebDriver.findElement(RemoteWebDriver.java:299)
	at com.wbqa.samples.WD.page.MCRatesPage.getRates(MCRatesPage.java:21)
	at com.wbqa.samples.WD.TestMCRates.test1(TestMCRates.java:24)
Caused by: org.openqa.selenium.remote.ErrorHandler$UnknownServerException: Unable to locate element: {&quot;method&quot;:&quot;id&quot;,&quot;selector&quot;:&quot;sh_state&quot;}
Build info: version: &apos;2.31.0&apos;, revision: &apos;1bd294d185a80fa4206dfeab80ba773c04ac33c0&apos;, time: &apos;2013-02-27 13:51:26&apos;
System info: os.name: &apos;Windows 7&apos;, os.arch: &apos;amd64&apos;, os.version: &apos;6.1&apos;, java.version: &apos;1.6.0_37&apos;
Driver info: driver.version: unknown
	at &lt;anonymous class&gt;.FirefoxDriver.findElementInternal_(file:///C:/Users/Shilpi/AppData/Local/Temp/anonymous7771630248176664555webdriver-profile/extensions/fxdriver@googlecode.com/components/driver_component.js:8281)
	at &lt;anonymous class&gt;.FirefoxDriver.findElement(file:///C:/Users/Shilpi/AppData/Local/Temp/anonymous7771630248176664555webdriver-profile/extensions/fxdriver@googlecode.com/components/driver_component.js:8290)
	at &lt;anonymous class&gt;.DelayedCommand.executeInternal_/h(file:///C:/Users/Shilpi/AppData/Local/Temp/anonymous7771630248176664555webdriver-profile/extensions/fxdriver@googlecode.com/components/command_processor.js:10272)
	at &lt;anonymous class&gt;.DelayedCommand.executeInternal_(file:///C:/Users/Shilpi/AppData/Local/Temp/anonymous7771630248176664555webdriver-profile/extensions/fxdriver@googlecode.com/components/command_processor.js:10277)
	at &lt;anonymous class&gt;.DelayedCommand.execute/&lt;(file:///C:/Users/Shilpi/AppData/Local/Temp/anonymous7771630248176664555webdriver-profile/extensions/fxdriver@googlecode.com/components/command_processor.js:10217)
... Removed 38 stack frames</pre></div><a href='#' onClick='toggleBox("stack-trace1945910404", this, "Click to show all stack frames", "Click to hide stack frames")'>Click to show all stack frames</a>
<div class='stack-trace' id='stack-trace1945910404'><pre>org.openqa.selenium.NoSuchElementException: Unable to locate element: {&quot;method&quot;:&quot;id&quot;,&quot;selector&quot;:&quot;sh_state&quot;}
Command duration or timeout: 36 milliseconds
For documentation on this error, please visit: http://seleniumhq.org/exceptions/no_such_element.html
Build info: version: &apos;2.31.0&apos;, revision: &apos;1bd294d185a80fa4206dfeab80ba773c04ac33c0&apos;, time: &apos;2013-02-27 13:51:26&apos;
System info: os.name: &apos;Windows 7&apos;, os.arch: &apos;amd64&apos;, os.version: &apos;6.1&apos;, java.version: &apos;1.6.0_37&apos;
Session ID: 4ee09721-74d5-4fe8-a726-ebdff79d7d57
Driver info: org.openqa.selenium.firefox.FirefoxDriver
Capabilities [{platform=XP, acceptSslCerts=true, javascriptEnabled=true, browserName=firefox, rotatable=false, locationContextEnabled=true, version=17.0.1, cssSelectorsEnabled=true, databaseEnabled=true, handlesAlerts=true, browserConnectionEnabled=true, nativeEvents=true, webStorageEnabled=true, applicationCacheEnabled=true, takesScreenshot=true}]
	at sun.reflect.NativeConstructorAccessorImpl.newInstance0(Native Method)
	at sun.reflect.NativeConstructorAccessorImpl.newInstance(Unknown Source)
	at sun.reflect.DelegatingConstructorAccessorImpl.newInstance(Unknown Source)
	at java.lang.reflect.Constructor.newInstance(Unknown Source)
	at org.openqa.selenium.remote.ErrorHandler.createThrowable(ErrorHandler.java:187)
	at org.openqa.selenium.remote.ErrorHandler.throwIfResponseFailed(ErrorHandler.java:145)
	at org.openqa.selenium.remote.RemoteWebDriver.execute(RemoteWebDriver.java:554)
	at org.openqa.selenium.remote.RemoteWebDriver.findElement(RemoteWebDriver.java:307)
	at org.openqa.selenium.remote.RemoteWebDriver.findElementById(RemoteWebDriver.java:348)
	at org.openqa.selenium.By$ById.findElement(By.java:216)
	at org.openqa.selenium.remote.RemoteWebDriver.findElement(RemoteWebDriver.java:299)
	at com.wbqa.samples.WD.page.MCRatesPage.getRates(MCRatesPage.java:21)
	at com.wbqa.samples.WD.TestMCRates.test1(TestMCRates.java:24)
	at sun.reflect.NativeMethodAccessorImpl.invoke0(Native Method)
	at sun.reflect.NativeMethodAccessorImpl.invoke(Unknown Source)
	at sun.reflect.DelegatingMethodAccessorImpl.invoke(Unknown Source)
	at java.lang.reflect.Method.invoke(Unknown Source)
	at org.testng.internal.MethodInvocationHelper.invokeMethod(MethodInvocationHelper.java:84)
	at org.testng.internal.Invoker.invokeMethod(Invoker.java:714)
	at org.testng.internal.Invoker.invokeTestMethod(Invoker.java:901)
	at org.testng.internal.Invoker.invokeTestMethods(Invoker.java:1231)
	at org.testng.internal.TestMethodWorker.invokeTestMethods(TestMethodWorker.java:127)
	at org.testng.internal.TestMethodWorker.run(TestMethodWorker.java:111)
	at org.testng.TestRunner.privateRun(TestRunner.java:767)
	at org.testng.TestRunner.run(TestRunner.java:617)
	at org.testng.SuiteRunner.runTest(SuiteRunner.java:334)
	at org.testng.SuiteRunner.runSequentially(SuiteRunner.java:329)
	at org.testng.SuiteRunner.privateRun(SuiteRunner.java:291)
	at org.testng.SuiteRunner.run(SuiteRunner.java:240)
	at org.testng.SuiteRunnerWorker.runSuite(SuiteRunnerWorker.java:52)
	at org.testng.SuiteRunnerWorker.run(SuiteRunnerWorker.java:86)
	at org.testng.TestNG.runSuitesSequentially(TestNG.java:1224)
	at org.testng.TestNG.runSuitesLocally(TestNG.java:1149)
	at org.testng.TestNG.run(TestNG.java:1057)
	at org.apache.maven.surefire.testng.TestNGExecutor.run(TestNGExecutor.java:77)
	at org.apache.maven.surefire.testng.TestNGDirectoryTestSuite.executeMulti(TestNGDirectoryTestSuite.java:189)
	at org.apache.maven.surefire.testng.TestNGDirectoryTestSuite.execute(TestNGDirectoryTestSuite.java:105)
	at org.apache.maven.surefire.testng.TestNGProvider.invoke(TestNGProvider.java:117)
	at sun.reflect.NativeMethodAccessorImpl.invoke0(Native Method)
	at sun.reflect.NativeMethodAccessorImpl.invoke(Unknown Source)
	at sun.reflect.DelegatingMethodAccessorImpl.invoke(Unknown Source)
	at java.lang.reflect.Method.invoke(Unknown Source)
	at org.apache.maven.surefire.util.ReflectionUtils.invokeMethodWithArray2(ReflectionUtils.java:208)
	at org.apache.maven.surefire.booter.ProviderFactory$ProviderProxy.invoke(ProviderFactory.java:158)
	at org.apache.maven.surefire.booter.ProviderFactory.invokeProvider(ProviderFactory.java:86)
	at org.apache.maven.surefire.booter.ForkedBooter.runSuitesInProcess(ForkedBooter.java:153)
	at org.apache.maven.surefire.booter.ForkedBooter.main(ForkedBooter.java:95)
Caused by: org.openqa.selenium.remote.ErrorHandler$UnknownServerException: Unable to locate element: {&quot;method&quot;:&quot;id&quot;,&quot;selector&quot;:&quot;sh_state&quot;}
Build info: version: &apos;2.31.0&apos;, revision: &apos;1bd294d185a80fa4206dfeab80ba773c04ac33c0&apos;, time: &apos;2013-02-27 13:51:26&apos;
System info: os.name: &apos;Windows 7&apos;, os.arch: &apos;amd64&apos;, os.version: &apos;6.1&apos;, java.version: &apos;1.6.0_37&apos;
Driver info: driver.version: unknown
	at &lt;anonymous class&gt;.FirefoxDriver.findElementInternal_(file:///C:/Users/Shilpi/AppData/Local/Temp/anonymous7771630248176664555webdriver-profile/extensions/fxdriver@googlecode.com/components/driver_component.js:8281)
	at &lt;anonymous class&gt;.FirefoxDriver.findElement(file:///C:/Users/Shilpi/AppData/Local/Temp/anonymous7771630248176664555webdriver-profile/extensions/fxdriver@googlecode.com/components/driver_component.js:8290)
	at &lt;anonymous class&gt;.DelayedCommand.executeInternal_/h(file:///C:/Users/Shilpi/AppData/Local/Temp/anonymous7771630248176664555webdriver-profile/extensions/fxdriver@googlecode.com/components/command_processor.js:10272)
	at &lt;anonymous class&gt;.DelayedCommand.executeInternal_(file:///C:/Users/Shilpi/AppData/Local/Temp/anonymous7771630248176664555webdriver-profile/extensions/fxdriver@googlecode.com/components/command_processor.js:10277)
	at &lt;anonymous class&gt;.DelayedCommand.execute/&lt;(file:///C:/Users/Shilpi/AppData/Local/Temp/anonymous7771630248176664555webdriver-profile/extensions/fxdriver@googlecode.com/components/command_processor.js:10217)
</pre></div></td>
<td>5</td>
<td>com.wbqa.samples.WD.TestMCRates@68e6ff0d</td></tr>
</table><p>
<table width='100%' border='1' class='invocation-skipped'>
<tr><td colspan='4' align='center'><b>SKIPPED TESTS</b></td></tr>
<tr><td><b>Test method</b></td>
<td width="30%"><b>Exception</b></td>
<td width="10%"><b>Time (seconds)</b></td>
<td><b>Instance</b></td>
</tr>
<tr>
<td title='com.wbqa.samples.WD.TestMC.testAllImages()'><b>testAllImages</b><br>Test class: com.wbqa.samples.WD.TestMC</td>
<td></td>
<td>0</td>
<td>null</td></tr>
<tr>
<td title='com.wbqa.samples.WD.TestMC.testAppURL()'><b>testAppURL</b><br>Test class: com.wbqa.samples.WD.TestMC</td>
<td></td>
<td>0</td>
<td>com.wbqa.samples.WD.TestMC@7ad81784</td></tr>
<tr>
<td title='com.wbqa.samples.WD.TestMC.testTC1()'><b>testTC1</b><br>Test class: com.wbqa.samples.WD.TestMC</td>
<td></td>
<td>0</td>
<td>com.wbqa.samples.WD.TestMC@7ad81784</td></tr>
<tr>
<td title='com.wbqa.samples.WD.TestMC.testTC2()'><b>testTC2</b><br>Test class: com.wbqa.samples.WD.TestMC</td>
<td></td>
<td>0</td>
<td>com.wbqa.samples.WD.TestMC@7ad81784</td></tr>
<tr>
<td title='com.wbqa.samples.WD.TestMC.testwithVerifyTC1()'><b>testwithVerifyTC1</b><br>Test class: com.wbqa.samples.WD.TestMC<br>Parameters: public void com.wbqa.samples.WD.TestMC.testwithVerifyTC1(java.lang.reflect.Method)</td>
<td></td>
<td>0</td>
<td>com.wbqa.samples.WD.TestMC@7ad81784</td></tr>
</table><p>
</body>
</html>