<?xml version="1.0" encoding="UTF-8"?>
<!-- Generated by org.testng.reporters.JUnitXMLReporter -->
<testsuite hostname="Shilpi-THINK" name="Command line test" tests="7" failures="2" timestamp="9 Apr 2013 18:53:42 GMT" time="50.927" errors="0">
  <testcase name="@BeforeMethod openBrowser" time="0.0" classname="com.wbqa.samples.WD.TestMC">
    <failure type="org.testng.TestNGException" message="
Method openBrowser requires 1 parameters but 0 were supplied in the @Configuration annotation.">
      <![CDATA[org.testng.TestNGException: 
Method openBrowser requires 1 parameters but 0 were supplied in the @Configuration annotation.
... Removed 34 stack frames]]>
    </failure>
  </testcase> <!-- @BeforeMethod openBrowser -->
  <testcase name="@AfterMethod closeFFBrowser" time="0.0" classname="com.wbqa.samples.WD.TestMC">
    <skipped/>
  </testcase> <!-- @AfterMethod closeFFBrowser -->
  <testcase name="@BeforeMethod openBrowser" time="0.0" classname="com.wbqa.samples.WD.TestMC">
    <skipped/>
  </testcase> <!-- @BeforeMethod openBrowser -->
  <testcase name="@AfterMethod closeFFBrowser" time="0.0" classname="com.wbqa.samples.WD.TestMC">
    <skipped/>
  </testcase> <!-- @AfterMethod closeFFBrowser -->
  <testcase name="@BeforeMethod openBrowser" time="0.0" classname="com.wbqa.samples.WD.TestMC">
    <skipped/>
  </testcase> <!-- @BeforeMethod openBrowser -->
  <testcase name="@AfterMethod closeFFBrowser" time="0.0" classname="com.wbqa.samples.WD.TestMC">
    <skipped/>
  </testcase> <!-- @AfterMethod closeFFBrowser -->
  <testcase name="@BeforeMethod openBrowser" time="0.0" classname="com.wbqa.samples.WD.TestMC">
    <skipped/>
  </testcase> <!-- @BeforeMethod openBrowser -->
  <testcase name="@AfterMethod closeFFBrowser" time="0.0" classname="com.wbqa.samples.WD.TestMC">
    <skipped/>
  </testcase> <!-- @AfterMethod closeFFBrowser -->
  <testcase name="testAppURL" time="0.028" classname="com.wbqa.samples.WD.TestMC">
    <skipped/>
  </testcase> <!-- testAppURL -->
  <testcase name="testTC1" time="0.0010" classname="com.wbqa.samples.WD.TestMC">
    <skipped/>
  </testcase> <!-- testTC1 -->
  <testcase name="testTC2" time="0.0020" classname="com.wbqa.samples.WD.TestMC">
    <skipped/>
  </testcase> <!-- testTC2 -->
  <testcase name="testwithVerifyTC1" time="0.0020" classname="com.wbqa.samples.WD.TestMC">
    <skipped/>
  </testcase> <!-- testwithVerifyTC1 -->
  <testcase name="test1" time="10.814" classname="com.wbqa.samples.WD.TestMCRates">
    <failure type="org.openqa.selenium.NoSuchElementException" message="Unable to locate element: {&amp;quot;method&amp;quot;:&amp;quot;id&amp;quot;,&amp;quot;selector&amp;quot;:&amp;quot;sh_state&amp;quot;}
Command duration or timeout: 55 milliseconds
For documentation on this error, please visit: http://seleniumhq.org/exceptions/no_such_element.html
Build info: version: &amp;apos;2.31.0&amp;apos;, revision: &amp;apos;1bd294d185a80fa4206dfeab80ba773c04ac33c0&amp;apos;, time: &amp;apos;2013-02-27 13:51:26&amp;apos;
System info: os.name: &amp;apos;Windows 7&amp;apos;, os.arch: &amp;apos;amd64&amp;apos;, os.version: &amp;apos;6.1&amp;apos;, java.version: &amp;apos;1.6.0_37&amp;apos;
Session ID: 3a593985-1314-48ba-b7ce-0ec0333f4f42
Driver info: org.openqa.selenium.firefox.FirefoxDriver
Capabilities [{platform=XP, acceptSslCerts=true, javascriptEnabled=true, browserName=firefox, rotatable=false, locationContextEnabled=true, version=17.0.1, cssSelectorsEnabled=true, databaseEnabled=true, handlesAlerts=true, browserConnectionEnabled=true, nativeEvents=true, webStorageEnabled=true, applicationCacheEnabled=true, takesScreenshot=true}]">
      <![CDATA[org.openqa.selenium.NoSuchElementException: Unable to locate element: {"method":"id","selector":"sh_state"}
Command duration or timeout: 55 milliseconds
For documentation on this error, please visit: http://seleniumhq.org/exceptions/no_such_element.html
Build info: version: '2.31.0', revision: '1bd294d185a80fa4206dfeab80ba773c04ac33c0', time: '2013-02-27 13:51:26'
System info: os.name: 'Windows 7', os.arch: 'amd64', os.version: '6.1', java.version: '1.6.0_37'
Session ID: 3a593985-1314-48ba-b7ce-0ec0333f4f42
Driver info: org.openqa.selenium.firefox.FirefoxDriver
Capabilities [{platform=XP, acceptSslCerts=true, javascriptEnabled=true, browserName=firefox, rotatable=false, locationContextEnabled=true, version=17.0.1, cssSelectorsEnabled=true, databaseEnabled=true, handlesAlerts=true, browserConnectionEnabled=true, nativeEvents=true, webStorageEnabled=true, applicationCacheEnabled=true, takesScreenshot=true}]
	at org.openqa.selenium.remote.ErrorHandler.createThrowable(ErrorHandler.java:187)
	at org.openqa.selenium.remote.ErrorHandler.throwIfResponseFailed(ErrorHandler.java:145)
	at org.openqa.selenium.remote.RemoteWebDriver.execute(RemoteWebDriver.java:554)
	at org.openqa.selenium.remote.RemoteWebDriver.findElement(RemoteWebDriver.java:307)
	at org.openqa.selenium.remote.RemoteWebDriver.findElementById(RemoteWebDriver.java:348)
	at org.openqa.selenium.By$ById.findElement(By.java:216)
	at org.openqa.selenium.remote.RemoteWebDriver.findElement(RemoteWebDriver.java:299)
	at com.wbqa.samples.WD.page.MCRatesPage.getRates(MCRatesPage.java:21)
	at com.wbqa.samples.WD.TestMCRates.test1(TestMCRates.java:24)
Caused by: org.openqa.selenium.remote.ErrorHandler$UnknownServerException: Unable to locate element: {"method":"id","selector":"sh_state"}
Build info: version: '2.31.0', revision: '1bd294d185a80fa4206dfeab80ba773c04ac33c0', time: '2013-02-27 13:51:26'
System info: os.name: 'Windows 7', os.arch: 'amd64', os.version: '6.1', java.version: '1.6.0_37'
Driver info: driver.version: unknown
	at <anonymous class>.FirefoxDriver.findElementInternal_(file:///C:/Users/Shilpi/AppData/Local/Temp/anonymous6089488968997352659webdriver-profile/extensions/fxdriver@googlecode.com/components/driver_component.js:8281)
	at <anonymous class>.FirefoxDriver.findElement(file:///C:/Users/Shilpi/AppData/Local/Temp/anonymous6089488968997352659webdriver-profile/extensions/fxdriver@googlecode.com/components/driver_component.js:8290)
	at <anonymous class>.DelayedCommand.executeInternal_/h(file:///C:/Users/Shilpi/AppData/Local/Temp/anonymous6089488968997352659webdriver-profile/extensions/fxdriver@googlecode.com/components/command_processor.js:10272)
	at <anonymous class>.DelayedCommand.executeInternal_(file:///C:/Users/Shilpi/AppData/Local/Temp/anonymous6089488968997352659webdriver-profile/extensions/fxdriver@googlecode.com/components/command_processor.js:10277)
	at <anonymous class>.DelayedCommand.execute/<(file:///C:/Users/Shilpi/AppData/Local/Temp/anonymous6089488968997352659webdriver-profile/extensions/fxdriver@googlecode.com/components/command_processor.js:10217)
... Removed 38 stack frames]]>
    </failure>
  </testcase> <!-- test1 -->
  <testcase name="test1" time="5.304" classname="com.wbqa.samples.WD.TestMCRates">
    <failure type="org.openqa.selenium.NoSuchElementException" message="Unable to locate element: {&amp;quot;method&amp;quot;:&amp;quot;id&amp;quot;,&amp;quot;selector&amp;quot;:&amp;quot;sh_state&amp;quot;}
Command duration or timeout: 36 milliseconds
For documentation on this error, please visit: http://seleniumhq.org/exceptions/no_such_element.html
Build info: version: &amp;apos;2.31.0&amp;apos;, revision: &amp;apos;1bd294d185a80fa4206dfeab80ba773c04ac33c0&amp;apos;, time: &amp;apos;2013-02-27 13:51:26&amp;apos;
System info: os.name: &amp;apos;Windows 7&amp;apos;, os.arch: &amp;apos;amd64&amp;apos;, os.version: &amp;apos;6.1&amp;apos;, java.version: &amp;apos;1.6.0_37&amp;apos;
Session ID: 4ee09721-74d5-4fe8-a726-ebdff79d7d57
Driver info: org.openqa.selenium.firefox.FirefoxDriver
Capabilities [{platform=XP, acceptSslCerts=true, javascriptEnabled=true, browserName=firefox, rotatable=false, locationContextEnabled=true, version=17.0.1, cssSelectorsEnabled=true, databaseEnabled=true, handlesAlerts=true, browserConnectionEnabled=true, nativeEvents=true, webStorageEnabled=true, applicationCacheEnabled=true, takesScreenshot=true}]">
      <![CDATA[org.openqa.selenium.NoSuchElementException: Unable to locate element: {"method":"id","selector":"sh_state"}
Command duration or timeout: 36 milliseconds
For documentation on this error, please visit: http://seleniumhq.org/exceptions/no_such_element.html
Build info: version: '2.31.0', revision: '1bd294d185a80fa4206dfeab80ba773c04ac33c0', time: '2013-02-27 13:51:26'
System info: os.name: 'Windows 7', os.arch: 'amd64', os.version: '6.1', java.version: '1.6.0_37'
Session ID: 4ee09721-74d5-4fe8-a726-ebdff79d7d57
Driver info: org.openqa.selenium.firefox.FirefoxDriver
Capabilities [{platform=XP, acceptSslCerts=true, javascriptEnabled=true, browserName=firefox, rotatable=false, locationContextEnabled=true, version=17.0.1, cssSelectorsEnabled=true, databaseEnabled=true, handlesAlerts=true, browserConnectionEnabled=true, nativeEvents=true, webStorageEnabled=true, applicationCacheEnabled=true, takesScreenshot=true}]
	at org.openqa.selenium.remote.ErrorHandler.createThrowable(ErrorHandler.java:187)
	at org.openqa.selenium.remote.ErrorHandler.throwIfResponseFailed(ErrorHandler.java:145)
	at org.openqa.selenium.remote.RemoteWebDriver.execute(RemoteWebDriver.java:554)
	at org.openqa.selenium.remote.RemoteWebDriver.findElement(RemoteWebDriver.java:307)
	at org.openqa.selenium.remote.RemoteWebDriver.findElementById(RemoteWebDriver.java:348)
	at org.openqa.selenium.By$ById.findElement(By.java:216)
	at org.openqa.selenium.remote.RemoteWebDriver.findElement(RemoteWebDriver.java:299)
	at com.wbqa.samples.WD.page.MCRatesPage.getRates(MCRatesPage.java:21)
	at com.wbqa.samples.WD.TestMCRates.test1(TestMCRates.java:24)
Caused by: org.openqa.selenium.remote.ErrorHandler$UnknownServerException: Unable to locate element: {"method":"id","selector":"sh_state"}
Build info: version: '2.31.0', revision: '1bd294d185a80fa4206dfeab80ba773c04ac33c0', time: '2013-02-27 13:51:26'
System info: os.name: 'Windows 7', os.arch: 'amd64', os.version: '6.1', java.version: '1.6.0_37'
Driver info: driver.version: unknown
	at <anonymous class>.FirefoxDriver.findElementInternal_(file:///C:/Users/Shilpi/AppData/Local/Temp/anonymous7771630248176664555webdriver-profile/extensions/fxdriver@googlecode.com/components/driver_component.js:8281)
	at <anonymous class>.FirefoxDriver.findElement(file:///C:/Users/Shilpi/AppData/Local/Temp/anonymous7771630248176664555webdriver-profile/extensions/fxdriver@googlecode.com/components/driver_component.js:8290)
	at <anonymous class>.DelayedCommand.executeInternal_/h(file:///C:/Users/Shilpi/AppData/Local/Temp/anonymous7771630248176664555webdriver-profile/extensions/fxdriver@googlecode.com/components/command_processor.js:10272)
	at <anonymous class>.DelayedCommand.executeInternal_(file:///C:/Users/Shilpi/AppData/Local/Temp/anonymous7771630248176664555webdriver-profile/extensions/fxdriver@googlecode.com/components/command_processor.js:10277)
	at <anonymous class>.DelayedCommand.execute/<(file:///C:/Users/Shilpi/AppData/Local/Temp/anonymous7771630248176664555webdriver-profile/extensions/fxdriver@googlecode.com/components/command_processor.js:10217)
... Removed 38 stack frames]]>
    </failure>
  </testcase> <!-- test1 -->
  <testcase name="testAllImages" time="0.0030" classname="com.wbqa.samples.WD.TestMC">
    <skipped/>
  </testcase> <!-- testAllImages -->
</testsuite> <!-- Command line test -->
